<?xml version="1.0" encoding="UTF-8"?>
<coverage generated="1658573834900" clover="3.2.0">
  <project timestamp="1658573834900" name="All files">
    <metrics statements="64" coveredstatements="43" conditionals="20" coveredconditionals="9" methods="8" coveredmethods="7" elements="92" coveredelements="59" complexity="0" loc="64" ncloc="64" packages="1" files="2" classes="2"/>
    <file name="edit.js" path="C:\Users\osakpolor\Desktop\Microverse Work\To-do-list-PeerReview\src\edit.js">
      <metrics statements="28" coveredstatements="15" conditionals="14" coveredconditionals="6" methods="4" coveredmethods="3"/>
      <line num="3" count="2" type="stmt"/>
      <line num="4" count="0" type="stmt"/>
      <line num="5" count="0" type="cond" truecount="0" falsecount="2"/>
      <line num="6" count="0" type="stmt"/>
      <line num="7" count="0" type="stmt"/>
      <line num="8" count="0" type="stmt"/>
      <line num="11" count="2" type="stmt"/>
      <line num="12" count="1" type="cond" truecount="2" falsecount="0"/>
      <line num="13" count="1" type="stmt"/>
      <line num="14" count="0" type="cond" truecount="0" falsecount="2"/>
      <line num="15" count="0" type="stmt"/>
      <line num="16" count="0" type="stmt"/>
      <line num="22" count="2" type="stmt"/>
      <line num="23" count="1" type="cond" truecount="2" falsecount="0"/>
      <line num="24" count="1" type="stmt"/>
      <line num="25" count="0" type="cond" truecount="0" falsecount="2"/>
      <line num="26" count="0" type="stmt"/>
      <line num="30" count="1" type="stmt"/>
      <line num="33" count="2" type="stmt"/>
      <line num="34" count="1" type="stmt"/>
      <line num="35" count="1" type="stmt"/>
      <line num="36" count="1" type="cond" truecount="1" falsecount="1"/>
      <line num="37" count="0" type="stmt"/>
      <line num="38" count="0" type="stmt"/>
      <line num="40" count="1" type="stmt"/>
      <line num="41" count="1" type="cond" truecount="1" falsecount="1"/>
      <line num="42" count="0" type="stmt"/>
      <line num="44" count="1" type="stmt"/>
    </file>
    <file name="functions.js" path="C:\Users\osakpolor\Desktop\Microverse Work\To-do-list-PeerReview\src\functions.js">
      <metrics statements="36" coveredstatements="28" conditionals="6" coveredconditionals="3" methods="4" coveredmethods="4"/>
      <line num="5" count="2" type="stmt"/>
      <line num="7" count="2" type="stmt"/>
      <line num="8" count="1" type="stmt"/>
      <line num="9" count="1" type="stmt"/>
      <line num="10" count="1" type="stmt"/>
      <line num="11" count="1" type="stmt"/>
      <line num="16" count="1" type="stmt"/>
      <line num="19" count="2" type="stmt"/>
      <line num="20" count="1" type="stmt"/>
      <line num="21" count="1" type="stmt"/>
      <line num="22" count="31" type="cond" truecount="1" falsecount="1"/>
      <line num="23" count="0" type="stmt"/>
      <line num="25" count="31" type="stmt"/>
      <line num="28" count="1" type="stmt"/>
      <line num="35" count="2" type="stmt"/>
      <line num="36" count="2" type="cond" truecount="1" falsecount="1"/>
      <line num="37" count="2" type="stmt"/>
      <line num="38" count="2" type="stmt"/>
      <line num="39" count="497" type="stmt"/>
      <line num="46" count="497" type="stmt"/>
      <line num="47" count="497" type="stmt"/>
      <line num="48" count="497" type="stmt"/>
      <line num="49" count="497" type="stmt"/>
      <line num="50" count="497" type="stmt"/>
      <line num="51" count="497" type="stmt"/>
      <line num="53" count="497" type="stmt"/>
      <line num="55" count="497" type="stmt"/>
      <line num="57" count="2" type="stmt"/>
      <line num="58" count="497" type="cond" truecount="1" falsecount="1"/>
      <line num="59" count="0" type="stmt"/>
      <line num="60" count="0" type="stmt"/>
      <line num="61" count="0" type="stmt"/>
      <line num="62" count="0" type="stmt"/>
      <line num="63" count="0" type="stmt"/>
      <line num="64" count="0" type="stmt"/>
      <line num="65" count="0" type="stmt"/>
    </file>
  </project>
</coverage>
