{"D:\\Riyaz\\Microverse-Projects\\To-do-list-PeerReview\\src\\functions.js": {"path":"D:\\Riyaz\\Microverse-Projects\\To-do-list-PeerReview\\src\\functions.js","statementMap":{"0":{"start":{"line":5,"column":23},"end":{"line":5,"column":25}},"1":{"start":{"line":7,"column":23},"end":{"line":17,"column":6}},"2":{"start":{"line":8,"column":18},"end":{"line":8,"column":43}},"3":{"start":{"line":9,"column":20},"end":{"line":9,"column":24}},"4":{"start":{"line":10,"column":25},"end":{"line":10,"column":30}},"5":{"start":{"line":11,"column":7},"end":{"line":15,"column":10}},"6":{"start":{"line":16,"column":7},"end":{"line":16,"column":69}},"7":{"start":{"line":19,"column":25},"end":{"line":29,"column":6}},"8":{"start":{"line":20,"column":7},"end":{"line":20,"column":35}},"9":{"start":{"line":21,"column":7},"end":{"line":27,"column":10}},"10":{"start":{"line":22,"column":9},"end":{"line":26,"column":10}},"11":{"start":{"line":23,"column":11},"end":{"line":23,"column":26}},"12":{"start":{"line":25,"column":11},"end":{"line":25,"column":27}},"13":{"start":{"line":28,"column":7},"end":{"line":28,"column":69}},"14":{"start":{"line":33,"column":20},"end":{"line":55,"column":2}},"15":{"start":{"line":34,"column":22},"end":{"line":34,"column":63}},"16":{"start":{"line":35,"column":16},"end":{"line":35,"column":53}},"17":{"start":{"line":36,"column":3},"end":{"line":54,"column":4}},"18":{"start":{"line":36,"column":16},"end":{"line":36,"column":17}},"19":{"start":{"line":37,"column":5},"end":{"line":43,"column":7}},"20":{"start":{"line":44,"column":16},"end":{"line":44,"column":44}},"21":{"start":{"line":45,"column":5},"end":{"line":45,"column":43}},"22":{"start":{"line":46,"column":5},"end":{"line":46,"column":144}},"23":{"start":{"line":47,"column":5},"end":{"line":47,"column":106}},"24":{"start":{"line":48,"column":5},"end":{"line":48,"column":91}},"25":{"start":{"line":49,"column":5},"end":{"line":50,"column":89}},"26":{"start":{"line":51,"column":5},"end":{"line":52,"column":25}},"27":{"start":{"line":53,"column":5},"end":{"line":53,"column":21}}},"fnMap":{"0":{"name":"(anonymous_0)","decl":{"start":{"line":7,"column":23},"end":{"line":7,"column":24}},"loc":{"start":{"line":7,"column":33},"end":{"line":17,"column":6}},"line":7},"1":{"name":"(anonymous_1)","decl":{"start":{"line":19,"column":25},"end":{"line":19,"column":26}},"loc":{"start":{"line":19,"column":32},"end":{"line":29,"column":6}},"line":19},"2":{"name":"(anonymous_2)","decl":{"start":{"line":21,"column":30},"end":{"line":21,"column":31}},"loc":{"start":{"line":21,"column":40},"end":{"line":27,"column":8}},"line":21},"3":{"name":"(anonymous_3)","decl":{"start":{"line":33,"column":20},"end":{"line":33,"column":21}},"loc":{"start":{"line":33,"column":26},"end":{"line":55,"column":2}},"line":33}},"branchMap":{"0":{"loc":{"start":{"line":22,"column":9},"end":{"line":26,"column":10}},"type":"if","locations":[{"start":{"line":22,"column":9},"end":{"line":26,"column":10}},{"start":{"line":24,"column":16},"end":{"line":26,"column":10}}],"line":22}},"s":{"0":1,"1":1,"2":1,"3":1,"4":1,"5":1,"6":1,"7":1,"8":1,"9":1,"10":1,"11":0,"12":1,"13":1,"14":1,"15":2,"16":2,"17":2,"18":2,"19":2,"20":2,"21":2,"22":2,"23":2,"24":2,"25":2,"26":2,"27":2},"f":{"0":1,"1":1,"2":1,"3":2},"b":{"0":[0,1]},"_coverageSchema":"1a1c01bbd47fc00a2c39e90264f33305004495a9","hash":"68d9c3fa381377eda64a34c5eff61a7e166d073e"}
}
