{"D:\\Riyaz\\Microverse-Projects\\To-do-list-PeerReview\\src\\edit.js": {"path":"D:\\Riyaz\\Microverse-Projects\\To-do-list-PeerReview\\src\\edit.js","statementMap":{"0":{"start":{"line":3,"column":17},"end":{"line":9,"column":3}},"1":{"start":{"line":4,"column":20},"end":{"line":4,"column":51}},"2":{"start":{"line":5,"column":4},"end":{"line":5,"column":38}},"3":{"start":{"line":5,"column":26},"end":{"line":5,"column":38}},"4":{"start":{"line":6,"column":4},"end":{"line":6,"column":44}},"5":{"start":{"line":7,"column":4},"end":{"line":7,"column":66}},"6":{"start":{"line":8,"column":4},"end":{"line":8,"column":16}},"7":{"start":{"line":11,"column":20},"end":{"line":20,"column":3}},"8":{"start":{"line":12,"column":17},"end":{"line":12,"column":64}},"9":{"start":{"line":13,"column":4},"end":{"line":18,"column":5}},"10":{"start":{"line":13,"column":17},"end":{"line":13,"column":18}},"11":{"start":{"line":14,"column":6},"end":{"line":17,"column":7}},"12":{"start":{"line":15,"column":28},"end":{"line":15,"column":57}},"13":{"start":{"line":16,"column":8},"end":{"line":16,"column":33}},"14":{"start":{"line":22,"column":18},"end":{"line":31,"column":5}},"15":{"start":{"line":23,"column":19},"end":{"line":23,"column":66}},"16":{"start":{"line":24,"column":4},"end":{"line":29,"column":5}},"17":{"start":{"line":24,"column":17},"end":{"line":24,"column":18}},"18":{"start":{"line":25,"column":6},"end":{"line":28,"column":7}},"19":{"start":{"line":26,"column":8},"end":{"line":26,"column":43}},"20":{"start":{"line":30,"column":4},"end":{"line":30,"column":16}},"21":{"start":{"line":33,"column":35},"end":{"line":45,"column":7}},"22":{"start":{"line":34,"column":21},"end":{"line":34,"column":32}},"23":{"start":{"line":35,"column":8},"end":{"line":43,"column":14}},"24":{"start":{"line":35,"column":21},"end":{"line":35,"column":22}},"25":{"start":{"line":36,"column":10},"end":{"line":39,"column":11}},"26":{"start":{"line":37,"column":12},"end":{"line":37,"column":30}},"27":{"start":{"line":38,"column":12},"end":{"line":38,"column":19}},"28":{"start":{"line":40,"column":12},"end":{"line":40,"column":74}},"29":{"start":{"line":41,"column":12},"end":{"line":42,"column":50}},"30":{"start":{"line":42,"column":13},"end":{"line":42,"column":50}},"31":{"start":{"line":44,"column":8},"end":{"line":44,"column":20}}},"fnMap":{"0":{"name":"(anonymous_0)","decl":{"start":{"line":3,"column":17},"end":{"line":3,"column":18}},"loc":{"start":{"line":3,"column":30},"end":{"line":9,"column":3}},"line":3},"1":{"name":"(anonymous_1)","decl":{"start":{"line":11,"column":20},"end":{"line":11,"column":21}},"loc":{"start":{"line":11,"column":36},"end":{"line":20,"column":3}},"line":11},"2":{"name":"(anonymous_2)","decl":{"start":{"line":22,"column":18},"end":{"line":22,"column":19}},"loc":{"start":{"line":22,"column":28},"end":{"line":31,"column":5}},"line":22},"3":{"name":"(anonymous_3)","decl":{"start":{"line":33,"column":35},"end":{"line":33,"column":36}},"loc":{"start":{"line":33,"column":45},"end":{"line":45,"column":7}},"line":33}},"branchMap":{"0":{"loc":{"start":{"line":5,"column":4},"end":{"line":5,"column":38}},"type":"if","locations":[{"start":{"line":5,"column":4},"end":{"line":5,"column":38}},{"start":{},"end":{}}],"line":5},"1":{"loc":{"start":{"line":12,"column":17},"end":{"line":12,"column":64}},"type":"binary-expr","locations":[{"start":{"line":12,"column":17},"end":{"line":12,"column":58}},{"start":{"line":12,"column":62},"end":{"line":12,"column":64}}],"line":12},"2":{"loc":{"start":{"line":14,"column":6},"end":{"line":17,"column":7}},"type":"if","locations":[{"start":{"line":14,"column":6},"end":{"line":17,"column":7}},{"start":{},"end":{}}],"line":14},"3":{"loc":{"start":{"line":23,"column":19},"end":{"line":23,"column":66}},"type":"binary-expr","locations":[{"start":{"line":23,"column":19},"end":{"line":23,"column":60}},{"start":{"line":23,"column":64},"end":{"line":23,"column":66}}],"line":23},"4":{"loc":{"start":{"line":25,"column":6},"end":{"line":28,"column":7}},"type":"if","locations":[{"start":{"line":25,"column":6},"end":{"line":28,"column":7}},{"start":{},"end":{}}],"line":25},"5":{"loc":{"start":{"line":36,"column":10},"end":{"line":39,"column":11}},"type":"if","locations":[{"start":{"line":36,"column":10},"end":{"line":39,"column":11}},{"start":{},"end":{}}],"line":36},"6":{"loc":{"start":{"line":41,"column":12},"end":{"line":42,"column":50}},"type":"if","locations":[{"start":{"line":41,"column":12},"end":{"line":42,"column":50}},{"start":{},"end":{}}],"line":41}},"s":{"0":2,"1":0,"2":0,"3":0,"4":0,"5":0,"6":0,"7":2,"8":1,"9":1,"10":1,"11":0,"12":0,"13":0,"14":2,"15":1,"16":1,"17":1,"18":0,"19":0,"20":1,"21":2,"22":1,"23":1,"24":1,"25":1,"26":0,"27":0,"28":1,"29":1,"30":0,"31":1},"f":{"0":0,"1":1,"2":1,"3":1},"b":{"0":[0,0],"1":[1,1],"2":[0,0],"3":[1,1],"4":[0,0],"5":[0,1],"6":[0,1]},"_coverageSchema":"1a1c01bbd47fc00a2c39e90264f33305004495a9","hash":"f34862b1e155e2b75e28129a305514e91623230b"}
,"D:\\Riyaz\\Microverse-Projects\\To-do-list-PeerReview\\src\\functions.js": {"path":"D:\\Riyaz\\Microverse-Projects\\To-do-list-PeerReview\\src\\functions.js","statementMap":{"0":{"start":{"line":5,"column":23},"end":{"line":5,"column":25}},"1":{"start":{"line":7,"column":23},"end":{"line":17,"column":6}},"2":{"start":{"line":8,"column":18},"end":{"line":8,"column":43}},"3":{"start":{"line":9,"column":20},"end":{"line":9,"column":24}},"4":{"start":{"line":10,"column":25},"end":{"line":10,"column":30}},"5":{"start":{"line":11,"column":7},"end":{"line":15,"column":10}},"6":{"start":{"line":16,"column":7},"end":{"line":16,"column":69}},"7":{"start":{"line":19,"column":25},"end":{"line":29,"column":6}},"8":{"start":{"line":20,"column":7},"end":{"line":20,"column":35}},"9":{"start":{"line":21,"column":7},"end":{"line":27,"column":10}},"10":{"start":{"line":22,"column":9},"end":{"line":26,"column":10}},"11":{"start":{"line":23,"column":11},"end":{"line":23,"column":26}},"12":{"start":{"line":25,"column":11},"end":{"line":25,"column":27}},"13":{"start":{"line":28,"column":7},"end":{"line":28,"column":69}},"14":{"start":{"line":35,"column":20},"end":{"line":68,"column":2}},"15":{"start":{"line":36,"column":22},"end":{"line":36,"column":57}},"16":{"start":{"line":37,"column":16},"end":{"line":37,"column":53}},"17":{"start":{"line":38,"column":3},"end":{"line":56,"column":4}},"18":{"start":{"line":38,"column":16},"end":{"line":38,"column":17}},"19":{"start":{"line":39,"column":5},"end":{"line":45,"column":7}},"20":{"start":{"line":46,"column":16},"end":{"line":46,"column":44}},"21":{"start":{"line":47,"column":5},"end":{"line":47,"column":43}},"22":{"start":{"line":48,"column":5},"end":{"line":48,"column":144}},"23":{"start":{"line":49,"column":5},"end":{"line":49,"column":106}},"24":{"start":{"line":50,"column":5},"end":{"line":50,"column":91}},"25":{"start":{"line":51,"column":5},"end":{"line":52,"column":89}},"26":{"start":{"line":53,"column":5},"end":{"line":54,"column":25}},"27":{"start":{"line":55,"column":5},"end":{"line":55,"column":21}},"28":{"start":{"line":57,"column":3},"end":{"line":67,"column":3}},"29":{"start":{"line":57,"column":16},"end":{"line":57,"column":17}},"30":{"start":{"line":58,"column":4},"end":{"line":66,"column":5}},"31":{"start":{"line":59,"column":20},"end":{"line":59,"column":64}},"32":{"start":{"line":60,"column":25},"end":{"line":60,"column":64}},"33":{"start":{"line":61,"column":6},"end":{"line":61,"column":58}},"34":{"start":{"line":62,"column":6},"end":{"line":62,"column":42}},"35":{"start":{"line":63,"column":6},"end":{"line":63,"column":46}},"36":{"start":{"line":64,"column":6},"end":{"line":64,"column":47}},"37":{"start":{"line":65,"column":6},"end":{"line":65,"column":30}}},"fnMap":{"0":{"name":"(anonymous_0)","decl":{"start":{"line":7,"column":23},"end":{"line":7,"column":24}},"loc":{"start":{"line":7,"column":33},"end":{"line":17,"column":6}},"line":7},"1":{"name":"(anonymous_1)","decl":{"start":{"line":19,"column":25},"end":{"line":19,"column":26}},"loc":{"start":{"line":19,"column":32},"end":{"line":29,"column":6}},"line":19},"2":{"name":"(anonymous_2)","decl":{"start":{"line":21,"column":30},"end":{"line":21,"column":31}},"loc":{"start":{"line":21,"column":40},"end":{"line":27,"column":8}},"line":21},"3":{"name":"(anonymous_3)","decl":{"start":{"line":35,"column":20},"end":{"line":35,"column":21}},"loc":{"start":{"line":35,"column":26},"end":{"line":68,"column":2}},"line":35}},"branchMap":{"0":{"loc":{"start":{"line":22,"column":9},"end":{"line":26,"column":10}},"type":"if","locations":[{"start":{"line":22,"column":9},"end":{"line":26,"column":10}},{"start":{"line":24,"column":16},"end":{"line":26,"column":10}}],"line":22},"1":{"loc":{"start":{"line":36,"column":22},"end":{"line":36,"column":57}},"type":"binary-expr","locations":[{"start":{"line":36,"column":22},"end":{"line":36,"column":51}},{"start":{"line":36,"column":55},"end":{"line":36,"column":57}}],"line":36},"2":{"loc":{"start":{"line":58,"column":4},"end":{"line":66,"column":5}},"type":"if","locations":[{"start":{"line":58,"column":4},"end":{"line":66,"column":5}},{"start":{},"end":{}}],"line":58}},"s":{"0":2,"1":2,"2":1,"3":1,"4":1,"5":1,"6":1,"7":2,"8":1,"9":1,"10":31,"11":0,"12":31,"13":1,"14":2,"15":2,"16":2,"17":2,"18":2,"19":497,"20":497,"21":497,"22":497,"23":497,"24":497,"25":497,"26":497,"27":497,"28":2,"29":2,"30":497,"31":0,"32":0,"33":0,"34":0,"35":0,"36":0,"37":0},"f":{"0":1,"1":1,"2":31,"3":2},"b":{"0":[0,31],"1":[2,0],"2":[0,497]},"_coverageSchema":"1a1c01bbd47fc00a2c39e90264f33305004495a9","hash":"e792555f189eafb6522c9d9e6e3568a6f332caae"}
}
