TN:
SF:src\edit.js
FN:3,(anonymous_0)
FN:11,(anonymous_1)
FN:22,(anonymous_2)
FN:33,(anonymous_3)
FNF:4
FNH:3
FNDA:0,(anonymous_0)
FNDA:1,(anonymous_1)
FNDA:1,(anonymous_2)
FNDA:1,(anonymous_3)
DA:3,2
DA:4,0
DA:5,0
DA:6,0
DA:7,0
DA:8,0
DA:11,2
DA:12,1
DA:13,1
DA:14,0
DA:15,0
DA:16,0
DA:22,2
DA:23,1
DA:24,1
DA:25,0
DA:26,0
DA:30,1
DA:33,2
DA:34,1
DA:35,1
DA:36,1
DA:37,0
DA:38,0
DA:40,1
DA:41,1
DA:42,0
DA:44,1
LF:28
LH:15
BRDA:5,0,0,0
BRDA:5,0,1,0
BRDA:12,1,0,1
BRDA:12,1,1,1
BRDA:14,2,0,0
BRDA:14,2,1,0
BRDA:23,3,0,1
BRDA:23,3,1,1
BRDA:25,4,0,0
BRDA:25,4,1,0
BRDA:36,5,0,0
BRDA:36,5,1,1
BRDA:41,6,0,0
BRDA:41,6,1,1
BRF:14
BRH:6
end_of_record
TN:
SF:src\functions.js
FN:7,(anonymous_0)
FN:19,(anonymous_1)
FN:21,(anonymous_2)
FN:35,(anonymous_3)
FNF:4
FNH:4
FNDA:1,(anonymous_0)
FNDA:1,(anonymous_1)
FNDA:31,(anonymous_2)
FNDA:2,(anonymous_3)
DA:5,2
DA:7,2
DA:8,1
DA:9,1
DA:10,1
DA:11,1
DA:16,1
DA:19,2
DA:20,1
DA:21,1
DA:22,31
DA:23,0
DA:25,31
DA:28,1
DA:35,2
DA:36,2
DA:37,2
DA:38,2
DA:39,497
DA:46,497
DA:47,497
DA:48,497
DA:49,497
DA:50,497
DA:51,497
DA:53,497
DA:55,497
DA:57,2
DA:58,497
DA:59,0
DA:60,0
DA:61,0
DA:62,0
DA:63,0
DA:64,0
DA:65,0
LF:36
LH:28
BRDA:22,0,0,0
BRDA:22,0,1,31
BRDA:36,1,0,2
BRDA:36,1,1,0
BRDA:58,2,0,0
BRDA:58,2,1,497
BRF:6
BRH:3
end_of_record
